[0m2021.10.26 01:06:21 INFO  Started: Metals version 0.10.7 in workspace '/Users/hectorcrean/xyz/scala/scala3' for client Visual Studio Code 1.61.2.[0m
[0m2021.10.26 01:06:22 INFO  time: initialize in 0.36s[0m
[0m2021.10.26 01:06:22 WARN  Build server is not auto-connectable.[0m
[0m2021.10.26 01:06:27 INFO  running '/Library/Java/JavaVirtualMachines/adoptopenjdk-8.jdk/Contents/Home/bin/java -Djline.terminal=jline.UnsupportedTerminal -Dsbt.log.noformat=true -Dfile.encoding=UTF-8 -jar /var/folders/2z/99xbgp6j3l301n8h0b6v6mcc0000gn/T/metals8165697337034401445/sbt-launch.jar -Dbloop.export-jar-classifiers=sources bloopInstall'[0m
[0m2021.10.26 01:06:27 ERROR [info] [launcher] getting org.scala-sbt sbt 1.5.5  (this may take some time)...[0m
[0m2021.10.26 01:06:27 WARN  no build target for: /Users/hectorcrean/xyz/scala/scala3/project/metals.sbt[0m
[0m2021.10.26 01:06:27 WARN  no build target for: /Users/hectorcrean/xyz/scala/scala3/project/project/metals.sbt[0m
[0m2021.10.26 01:06:27 INFO  skipping build import with status 'Started'[0m
[0m2021.10.26 01:06:29 INFO  no build target: using presentation compiler with only scala-library: 2.12.15[0m
[0m2021.10.26 01:06:30 ERROR downloading https://repo1.maven.org/maven2/org/scala-sbt/sbt/1.5.5/sbt-1.5.5.jar ...[0m
[0m2021.10.26 01:06:30 ERROR downloading https://repo1.maven.org/maven2/org/scala-sbt/main_2.12/1.5.5/main_2.12-1.5.5.jar ...[0m
[0m2021.10.26 01:06:30 ERROR downloading https://repo1.maven.org/maven2/org/scala-sbt/logic_2.12/1.5.5/logic_2.12-1.5.5.jar ...[0m
[0m2021.10.26 01:06:30 ERROR :: loading settings :: url = jar:file:/private/var/folders/2z/99xbgp6j3l301n8h0b6v6mcc0000gn/T/metals8165697337034401445/sbt-launch.jar!/org/apache/ivy/core/settings/ivysettings.xml[0m
[0m2021.10.26 01:06:30 ERROR downloading https://repo1.maven.org/maven2/org/scala-sbt/main-settings_2.12/1.5.5/main-settings_2.12-1.5.5.jar ...[0m
[0m2021.10.26 01:06:30 ERROR :: loading settings :: url = jar:file:/private/var/folders/2z/99xbgp6j3l301n8h0b6v6mcc0000gn/T/metals8165697337034401445/sbt-launch.jar!/org/apache/ivy/core/settings/ivysettings.xml[0m
[0m2021.10.26 01:06:30 ERROR downloading https://repo1.maven.org/maven2/org/scala-sbt/actions_2.12/1.5.5/actions_2.12-1.5.5.jar ...[0m
[0m2021.10.26 01:06:30 ERROR :: loading settings :: url = jar:file:/private/var/folders/2z/99xbgp6j3l301n8h0b6v6mcc0000gn/T/metals8165697337034401445/sbt-launch.jar!/org/apache/ivy/core/settings/ivysettings.xml[0m
[0m2021.10.26 01:06:30 ERROR downloading https://repo1.maven.org/maven2/org/scala-sbt/command_2.12/1.5.5/command_2.12-1.5.5.jar ...[0m
[0m2021.10.26 01:06:30 ERROR downloading https://repo1.maven.org/maven2/org/scala-sbt/run_2.12/1.5.5/run_2.12-1.5.5.jar ...[0m
[0m2021.10.26 01:06:30 ERROR downloading https://repo1.maven.org/maven2/org/scala-sbt/collections_2.12/1.5.5/collections_2.12-1.5.5.jar ...[0m
[0m2021.10.26 01:06:30 ERROR downloading https://repo1.maven.org/maven2/org/scala-sbt/scripted-plugin_2.12/1.5.5/scripted-plugin_2.12-1.5.5.jar ...[0m
[0m2021.10.26 01:06:30 ERROR downloading https://repo1.maven.org/maven2/org/scala-sbt/util-logging_2.12/1.5.5/util-logging_2.12-1.5.5.jar ...[0m
[0m2021.10.26 01:06:30 ERROR :: loading settings :: url = jar:file:/private/var/folders/2z/99xbgp6j3l301n8h0b6v6mcc0000gn/T/metals8165697337034401445/sbt-launch.jar!/org/apache/ivy/core/settings/ivysettings.xml[0m
[0m2021.10.26 01:06:30 ERROR downloading https://repo1.maven.org/maven2/org/scala-sbt/zinc-lm-integration_2.12/1.5.5/zinc-lm-integration_2.12-1.5.5.jar ...[0m
[0m2021.10.26 01:06:30 ERROR downloading https://repo1.maven.org/maven2/org/scala-sbt/launcher-interface/1.3.3/launcher-interface-1.3.3.jar ...[0m
[0m2021.10.26 01:06:30 ERROR :: loading settings :: url = jar:file:/private/var/folders/2z/99xbgp6j3l301n8h0b6v6mcc0000gn/T/metals8165697337034401445/sbt-launch.jar!/org/apache/ivy/core/settings/ivysettings.xml[0m
[0m2021.10.26 01:06:30 ERROR :: loading settings :: url = jar:file:/private/var/folders/2z/99xbgp6j3l301n8h0b6v6mcc0000gn/T/metals8165697337034401445/sbt-launch.jar!/org/apache/ivy/core/settings/ivysettings.xml[0m
[0m2021.10.26 01:06:30 ERROR :: loading settings :: url = jar:file:/private/var/folders/2z/99xbgp6j3l301n8h0b6v6mcc0000gn/T/metals8165697337034401445/sbt-launch.jar!/org/apache/ivy/core/settings/ivysettings.xml[0m
[0m2021.10.26 01:06:30 ERROR :: loading settings :: url = jar:file:/private/var/folders/2z/99xbgp6j3l301n8h0b6v6mcc0000gn/T/metals8165697337034401445/sbt-launch.jar!/org/apache/ivy/core/settings/ivysettings.xml[0m
[0m2021.10.26 01:06:30 ERROR downloading https://repo1.maven.org/maven2/org/scala-sbt/librarymanagement-core_2.12/1.5.3/librarymanagement-core_2.12-1.5.3.jar ...[0m
[0m2021.10.26 01:06:30 ERROR :: loading settings :: url = jar:file:/private/var/folders/2z/99xbgp6j3l301n8h0b6v6mcc0000gn/T/metals8165697337034401445/sbt-launch.jar!/org/apache/ivy/core/settings/ivysettings.xml[0m
[0m2021.10.26 01:06:30 ERROR downloading https://repo1.maven.org/maven2/org/scala-sbt/librarymanagement-ivy_2.12/1.5.3/librarymanagement-ivy_2.12-1.5.3.jar ...[0m
[0m2021.10.26 01:06:30 ERROR :: loading settings :: url = jar:file:/private/var/folders/2z/99xbgp6j3l301n8h0b6v6mcc0000gn/T/metals8165697337034401445/sbt-launch.jar!/org/apache/ivy/core/settings/ivysettings.xml[0m
[0m2021.10.26 01:06:30 ERROR :: loading settings :: url = jar:file:/private/var/folders/2z/99xbgp6j3l301n8h0b6v6mcc0000gn/T/metals8165697337034401445/sbt-launch.jar!/org/apache/ivy/core/settings/ivysettings.xml[0m
[0m2021.10.26 01:06:30 ERROR :: loading settings :: url = jar:file:/private/var/folders/2z/99xbgp6j3l301n8h0b6v6mcc0000gn/T/metals8165697337034401445/sbt-launch.jar!/org/apache/ivy/core/settings/ivysettings.xml[0m
[0m2021.10.26 01:06:30 ERROR :: loading settings :: url = jar:file:/private/var/folders/2z/99xbgp6j3l301n8h0b6v6mcc0000gn/T/metals8165697337034401445/sbt-launch.jar!/org/apache/ivy/core/settings/ivysettings.xml[0m
[0m2021.10.26 01:06:30 ERROR :: loading settings :: url = jar:file:/private/var/folders/2z/99xbgp6j3l301n8h0b6v6mcc0000gn/T/metals8165697337034401445/sbt-launch.jar!/org/apache/ivy/core/settings/ivysettings.xml[0m
[0m2021.10.26 01:06:30 ERROR :: loading settings :: url = jar:file:/private/var/folders/2z/99xbgp6j3l301n8h0b6v6mcc0000gn/T/metals8165697337034401445/sbt-launch.jar!/org/apache/ivy/core/settings/ivysettings.xml[0m
[0m2021.10.26 01:06:30 ERROR :: loading settings :: url = jar:file:/private/var/folders/2z/99xbgp6j3l301n8h0b6v6mcc0000gn/T/metals8165697337034401445/sbt-launch.jar!/org/apache/ivy/core/settings/ivysettings.xml[0m
[0m2021.10.26 01:06:30 ERROR downloading https://repo1.maven.org/maven2/org/scala-sbt/compiler-interface/1.5.7/compiler-interface-1.5.7.jar ...[0m
[0m2021.10.26 01:06:30 ERROR downloading https://repo1.maven.org/maven2/org/scala-sbt/zinc-compile_2.12/1.5.7/zinc-compile_2.12-1.5.7.jar ...[0m
[0m2021.10.26 01:06:30 ERROR 	[SUCCESSFUL ] org.scala-sbt#sbt;1.5.5!sbt.jar (156ms)[0m
[0m2021.10.26 01:06:30 ERROR downloading https://repo1.maven.org/maven2/org/scala-sbt/util-relation_2.12/1.5.5/util-relation_2.12-1.5.5.jar ...[0m
[0m2021.10.26 01:06:30 ERROR 	[SUCCESSFUL ] org.scala-sbt#util-relation_2.12;1.5.5!util-relation_2.12.jar (228ms)[0m
[0m2021.10.26 01:06:30 ERROR downloading https://repo1.maven.org/maven2/org/scala-sbt/util-position_2.12/1.5.5/util-position_2.12-1.5.5.jar ...[0m
[0m2021.10.26 01:06:30 ERROR 	[SUCCESSFUL ] org.scala-sbt#compiler-interface;1.5.7!compiler-interface.jar (378ms)[0m
[0m2021.10.26 01:06:30 ERROR downloading https://repo1.maven.org/maven2/org/scala-sbt/completion_2.12/1.5.5/completion_2.12-1.5.5.jar ...[0m
[0m2021.10.26 01:06:30 ERROR 	[SUCCESSFUL ] org.scala-sbt#zinc-compile_2.12;1.5.7!zinc-compile_2.12.jar (383ms)[0m
[0m2021.10.26 01:06:30 ERROR downloading https://repo1.maven.org/maven2/org/scala-sbt/task-system_2.12/1.5.5/task-system_2.12-1.5.5.jar ...[0m
[0m2021.10.26 01:06:30 ERROR 	[SUCCESSFUL ] org.scala-sbt#zinc-lm-integration_2.12;1.5.5!zinc-lm-integration_2.12.jar (416ms)[0m
[0m2021.10.26 01:06:30 ERROR downloading https://repo1.maven.org/maven2/org/scala-sbt/tasks_2.12/1.5.5/tasks_2.12-1.5.5.jar ...[0m
[0m2021.10.26 01:06:30 ERROR 	[SUCCESSFUL ] org.scala-sbt#run_2.12;1.5.5!run_2.12.jar (424ms)[0m
[0m2021.10.26 01:06:30 ERROR downloading https://repo1.maven.org/maven2/org/scala-sbt/testing_2.12/1.5.5/testing_2.12-1.5.5.jar ...[0m
[0m2021.10.26 01:06:30 ERROR 	[SUCCESSFUL ] org.scala-sbt#launcher-interface;1.3.3!launcher-interface.jar (468ms)[0m
[0m2021.10.26 01:06:30 ERROR downloading https://repo1.maven.org/maven2/org/scala-sbt/util-tracking_2.12/1.5.5/util-tracking_2.12-1.5.5.jar ...[0m
[0m2021.10.26 01:06:30 ERROR 	[SUCCESSFUL ] org.scala-sbt#scripted-plugin_2.12;1.5.5!scripted-plugin_2.12.jar (479ms)[0m
[0m2021.10.26 01:06:30 ERROR downloading https://repo1.maven.org/maven2/org/scala-sbt/zinc-classpath_2.12/1.5.7/zinc-classpath_2.12-1.5.7.jar ...[0m
[0m2021.10.26 01:06:30 ERROR 	[SUCCESSFUL ] org.scala-sbt#logic_2.12;1.5.5!logic_2.12.jar (563ms)[0m
[0m2021.10.26 01:06:30 ERROR downloading https://repo1.maven.org/maven2/org/scala-sbt/zinc-apiinfo_2.12/1.5.7/zinc-apiinfo_2.12-1.5.7.jar ...[0m
[0m2021.10.26 01:06:30 ERROR 	[SUCCESSFUL ] org.scala-sbt#util-position_2.12;1.5.5!util-position_2.12.jar (241ms)[0m
[0m2021.10.26 01:06:30 ERROR downloading https://repo1.maven.org/maven2/org/scala-sbt/zinc_2.12/1.5.7/zinc_2.12-1.5.7.jar ...[0m
[0m2021.10.26 01:06:30 ERROR 	[SUCCESSFUL ] org.scala-sbt#command_2.12;1.5.5!command_2.12.jar (695ms)[0m
[0m2021.10.26 01:06:30 ERROR downloading https://repo1.maven.org/maven2/org/scala-sbt/util-control_2.12/1.5.5/util-control_2.12-1.5.5.jar ...[0m
[0m2021.10.26 01:06:30 ERROR 	[SUCCESSFUL ] org.scala-sbt#librarymanagement-core_2.12;1.5.3!librarymanagement-core_2.12.jar (685ms)[0m
[0m2021.10.26 01:06:30 ERROR downloading https://repo1.maven.org/maven2/org/scala-sbt/util-interface/1.5.5/util-interface-1.5.5.jar ...[0m
[0m2021.10.26 01:06:30 ERROR 	[SUCCESSFUL ] org.scala-sbt#util-tracking_2.12;1.5.5!util-tracking_2.12.jar (248ms)[0m
[0m2021.10.26 01:06:30 ERROR downloading https://repo1.maven.org/maven2/org/scala-sbt/core-macros_2.12/1.5.5/core-macros_2.12-1.5.5.jar ...[0m
[0m2021.10.26 01:06:30 ERROR 	[SUCCESSFUL ] org.scala-sbt#util-logging_2.12;1.5.5!util-logging_2.12.jar (723ms)[0m
[0m2021.10.26 01:06:30 ERROR 	[SUCCESSFUL ] org.scala-sbt#actions_2.12;1.5.5!actions_2.12.jar (730ms)[0m
[0m2021.10.26 01:06:30 ERROR 	[SUCCESSFUL ] org.scala-sbt#librarymanagement-ivy_2.12;1.5.3!librarymanagement-ivy_2.12.jar (711ms)[0m
[0m2021.10.26 01:06:30 ERROR downloading https://repo1.maven.org/maven2/org/scala-sbt/util-cache_2.12/1.5.5/util-cache_2.12-1.5.5.jar ...[0m
[0m2021.10.26 01:06:30 ERROR downloading https://repo1.maven.org/maven2/org/scala-sbt/test-agent/1.5.5/test-agent-1.5.5.jar ...[0m
[0m2021.10.26 01:06:30 ERROR downloading https://repo1.maven.org/maven2/org/scala-sbt/compiler-bridge_2.12/1.5.7/compiler-bridge_2.12-1.5.7.jar ...[0m
[0m2021.10.26 01:06:30 ERROR 	[SUCCESSFUL ] org.scala-sbt#tasks_2.12;1.5.5!tasks_2.12.jar (313ms)[0m
[0m2021.10.26 01:06:30 ERROR downloading https://repo1.maven.org/maven2/org/scala-sbt/zinc-classfile_2.12/1.5.7/zinc-classfile_2.12-1.5.7.jar ...[0m
[0m2021.10.26 01:06:30 ERROR 	[SUCCESSFUL ] org.scala-sbt#collections_2.12;1.5.5!collections_2.12.jar (749ms)[0m
[0m2021.10.26 01:06:30 ERROR downloading https://repo1.maven.org/maven2/org/scala-sbt/zinc-core_2.12/1.5.7/zinc-core_2.12-1.5.7.jar ...[0m
[0m2021.10.26 01:06:30 ERROR 	[SUCCESSFUL ] org.scala-sbt#zinc_2.12;1.5.7!zinc_2.12.jar (134ms)[0m
[0m2021.10.26 01:06:30 ERROR downloading https://repo1.maven.org/maven2/org/scala-sbt/zinc-persist_2.12/1.5.7/zinc-persist_2.12-1.5.7.jar ...[0m
[0m2021.10.26 01:06:30 ERROR 	[SUCCESSFUL ] org.scala-sbt#zinc-classpath_2.12;1.5.7!zinc-classpath_2.12.jar (287ms)[0m
[0m2021.10.26 01:06:30 ERROR downloading https://repo1.maven.org/maven2/org/scala-sbt/zinc-compile-core_2.12/1.5.7/zinc-compile-core_2.12-1.5.7.jar ...[0m
[0m2021.10.26 01:06:30 ERROR 	[SUCCESSFUL ] org.scala-sbt#task-system_2.12;1.5.5!task-system_2.12.jar (362ms)[0m
[0m2021.10.26 01:06:30 ERROR downloading https://repo1.maven.org/maven2/org/scala-sbt/zinc-persist-core-assembly/1.5.7/zinc-persist-core-assembly-1.5.7.jar ...[0m
[0m2021.10.26 01:06:30 ERROR 	[SUCCESSFUL ] org.scala-sbt#util-interface;1.5.5!util-interface.jar (85ms)[0m
[0m2021.10.26 01:06:30 ERROR downloading https://repo1.maven.org/maven2/org/scala-sbt/protocol_2.12/1.5.5/protocol_2.12-1.5.5.jar ...[0m
[0m2021.10.26 01:06:30 ERROR 	[SUCCESSFUL ] org.scala-sbt#util-control_2.12;1.5.5!util-control_2.12.jar (95ms)[0m
[0m2021.10.26 01:06:30 ERROR 	[SUCCESSFUL ] org.scala-sbt#zinc-apiinfo_2.12;1.5.7!zinc-apiinfo_2.12.jar (256ms)[0m
[0m2021.10.26 01:06:30 ERROR 	[SUCCESSFUL ] org.scala-sbt#test-agent;1.5.5!test-agent.jar (170ms)[0m
[0m2021.10.26 01:06:30 ERROR 	[SUCCESSFUL ] org.scala-sbt#core-macros_2.12;1.5.5!core-macros_2.12.jar (189ms)[0m
[0m2021.10.26 01:06:30 ERROR 	[SUCCESSFUL ] org.scala-sbt#completion_2.12;1.5.5!completion_2.12.jar (550ms)[0m
[0m2021.10.26 01:06:30 ERROR 	[SUCCESSFUL ] org.scala-sbt#main-settings_2.12;1.5.5!main-settings_2.12.jar (987ms)[0m
[0m2021.10.26 01:06:31 ERROR 	[SUCCESSFUL ] org.scala-sbt#testing_2.12;1.5.5!testing_2.12.jar (588ms)[0m
[0m2021.10.26 01:06:31 ERROR 	[SUCCESSFUL ] org.scala-sbt#zinc-classfile_2.12;1.5.7!zinc-classfile_2.12.jar (283ms)[0m
[0m2021.10.26 01:06:31 ERROR 	[SUCCESSFUL ] org.scala-sbt#zinc-core_2.12;1.5.7!zinc-core_2.12.jar (270ms)[0m
[0m2021.10.26 01:06:31 ERROR 	[SUCCESSFUL ] org.scala-sbt#util-cache_2.12;1.5.5!util-cache_2.12.jar (298ms)[0m
[0m2021.10.26 01:06:31 ERROR 	[SUCCESSFUL ] org.scala-sbt#compiler-bridge_2.12;1.5.7!compiler-bridge_2.12.jar (303ms)[0m
[0m2021.10.26 01:06:31 ERROR 	[SUCCESSFUL ] org.scala-sbt#zinc-persist_2.12;1.5.7!zinc-persist_2.12.jar (379ms)[0m
[0m2021.10.26 01:06:31 ERROR 	[SUCCESSFUL ] org.scala-sbt#zinc-compile-core_2.12;1.5.7!zinc-compile-core_2.12.jar (410ms)[0m
[0m2021.10.26 01:06:31 ERROR 	[SUCCESSFUL ] org.scala-sbt#protocol_2.12;1.5.5!protocol_2.12.jar (640ms)[0m
[0m2021.10.26 01:06:31 ERROR 	[SUCCESSFUL ] org.scala-sbt#main_2.12;1.5.5!main_2.12.jar (1605ms)[0m
[0m2021.10.26 01:06:31 ERROR 	[SUCCESSFUL ] org.scala-sbt#zinc-persist-core-assembly;1.5.7!zinc-persist-core-assembly.jar (1031ms)[0m
[0m2021.10.26 01:06:31 ERROR :: retrieving :: org.scala-sbt#boot-app[0m
[0m2021.10.26 01:06:31 ERROR 	confs: [default][0m
[0m2021.10.26 01:06:31 ERROR 	83 artifacts copied, 0 already retrieved[0m
[0m2021.10.26 01:06:33 INFO  [info] welcome to sbt 1.5.5 (AdoptOpenJDK Java 1.8.0_265)[0m
[0m2021.10.26 01:06:35 INFO  [info] loading settings for project scala3-build-build from metals.sbt ...[0m
[0m2021.10.26 01:06:35 INFO  [info] loading project definition from /Users/hectorcrean/xyz/scala/scala3/project/project[0m
[0m2021.10.26 01:06:36 WARN  no build target for: /Users/hectorcrean/xyz/scala/scala3/src/main/scala/Main.scala[0m
Oct 26, 2021 1:06:36 AM scala.meta.internal.pc.CompilerAccess handleError
SEVERE: file%3A%2F%2F%2FUsers%2Fhectorcrean%2Fxyz%2Fscala%2Fscala3%2Fsrc%2Fmain%2Fscala%2FMain.scala:1: error: expected start of definition
@main def hello: Unit = 
      ^
file%3A%2F%2F%2FUsers%2Fhectorcrean%2Fxyz%2Fscala%2Fscala3%2Fsrc%2Fmain%2Fscala%2FMain.scala:1: error: expected start of definition
@main def hello: Unit = 
      ^
	at scala.meta.internal.parsers.Reporter.syntaxError(Reporter.scala:16)
	at scala.meta.internal.parsers.Reporter.syntaxError$(Reporter.scala:16)
	at scala.meta.internal.parsers.Reporter$$anon$1.syntaxError(Reporter.scala:22)
	at scala.meta.internal.parsers.Reporter.syntaxError(Reporter.scala:17)
	at scala.meta.internal.parsers.Reporter.syntaxError$(Reporter.scala:17)
	at scala.meta.internal.parsers.Reporter$$anon$1.syntaxError(Reporter.scala:22)
	at scala.meta.internal.parsers.ScalametaParser.tmplDef(ScalametaParser.scala:4566)
	at scala.meta.internal.parsers.ScalametaParser.topLevelTmplDef(ScalametaParser.scala:4540)
	at scala.meta.internal.parsers.ScalametaParser$$anonfun$topStat$1.applyOrElse(ScalametaParser.scala:5079)
	at scala.meta.internal.parsers.ScalametaParser$$anonfun$topStat$1.applyOrElse(ScalametaParser.scala:5067)
	at scala.runtime.AbstractPartialFunction.apply(AbstractPartialFunction.scala:38)
	at scala.meta.internal.parsers.ScalametaParser.statSeq(ScalametaParser.scala:5057)
	at scala.meta.internal.parsers.ScalametaParser.topStatSeq(ScalametaParser.scala:5066)
	at scala.meta.internal.parsers.ScalametaParser.$anonfun$batchSource$1(ScalametaParser.scala:5297)
	at scala.meta.internal.parsers.ScalametaParser.atPos(ScalametaParser.scala:888)
	at scala.meta.internal.parsers.ScalametaParser.autoPos(ScalametaParser.scala:922)
	at scala.meta.internal.parsers.ScalametaParser.batchSource(ScalametaParser.scala:5256)
	at scala.meta.internal.parsers.ScalametaParser.$anonfun$source$1(ScalametaParser.scala:5239)
	at scala.meta.internal.parsers.ScalametaParser.atPos(ScalametaParser.scala:888)
	at scala.meta.internal.parsers.ScalametaParser.autoPos(ScalametaParser.scala:922)
	at scala.meta.internal.parsers.ScalametaParser.source(ScalametaParser.scala:5238)
	at scala.meta.internal.parsers.ScalametaParser.entrypointSource(ScalametaParser.scala:5244)
	at scala.meta.internal.parsers.ScalametaParser.$anonfun$parseSource$2(ScalametaParser.scala:143)
	at scala.meta.internal.parsers.ScalametaParser.parseRule(ScalametaParser.scala:53)
	at scala.meta.internal.parsers.ScalametaParser.parseSource(ScalametaParser.scala:143)
	at scala.meta.parsers.Parse$.$anonfun$parseSource$1(Parse.scala:29)
	at scala.meta.internal.parsers.ScalametaParser$$anon$264.apply(ScalametaParser.scala:5308)
	at scala.meta.parsers.Api$XtensionParseDialectInput.parse(Api.scala:25)
	at scala.meta.internal.semanticdb.scalac.ParseOps$XtensionCompilationUnitSource.toSource(ParseOps.scala:17)
	at scala.meta.internal.semanticdb.scalac.TextDocumentOps$XtensionCompilationUnitDocument.toTextDocument(TextDocumentOps.scala:201)
	at scala.meta.internal.pc.SemanticdbTextDocumentProvider.textDocument(SemanticdbTextDocumentProvider.scala:51)

Oct 26, 2021 1:06:36 AM scala.meta.internal.pc.CompilerAccess handleError
SEVERE: file%3A%2F%2F%2FUsers%2Fhectorcrean%2Fxyz%2Fscala%2Fscala3%2Fsrc%2Fmain%2Fscala%2FMain.scala:1: error: expected start of definition
@main def hello: Unit = 
      ^
file%3A%2F%2F%2FUsers%2Fhectorcrean%2Fxyz%2Fscala%2Fscala3%2Fsrc%2Fmain%2Fscala%2FMain.scala:1: error: expected start of definition
@main def hello: Unit = 
      ^
	at scala.meta.internal.parsers.Reporter.syntaxError(Reporter.scala:16)
	at scala.meta.internal.parsers.Reporter.syntaxError$(Reporter.scala:16)
	at scala.meta.internal.parsers.Reporter$$anon$1.syntaxError(Reporter.scala:22)
	at scala.meta.internal.parsers.Reporter.syntaxError(Reporter.scala:17)
	at scala.meta.internal.parsers.Reporter.syntaxError$(Reporter.scala:17)
	at scala.meta.internal.parsers.Reporter$$anon$1.syntaxError(Reporter.scala:22)
	at scala.meta.internal.parsers.ScalametaParser.tmplDef(ScalametaParser.scala:4566)
	at scala.meta.internal.parsers.ScalametaParser.topLevelTmplDef(ScalametaParser.scala:4540)
	at scala.meta.internal.parsers.ScalametaParser$$anonfun$topStat$1.applyOrElse(ScalametaParser.scala:5079)
	at scala.meta.internal.parsers.ScalametaParser$$anonfun$topStat$1.applyOrElse(ScalametaParser.scala:5067)
	at scala.runtime.AbstractPartialFunction.apply(AbstractPartialFunction.scala:38)
	at scala.meta.internal.parsers.ScalametaParser.statSeq(ScalametaParser.scala:5057)
	at scala.meta.internal.parsers.ScalametaParser.topStatSeq(ScalametaParser.scala:5066)
	at scala.meta.internal.parsers.ScalametaParser.$anonfun$batchSource$1(ScalametaParser.scala:5297)
	at scala.meta.internal.parsers.ScalametaParser.atPos(ScalametaParser.scala:888)
	at scala.meta.internal.parsers.ScalametaParser.autoPos(ScalametaParser.scala:922)
	at scala.meta.internal.parsers.ScalametaParser.batchSource(ScalametaParser.scala:5256)
	at scala.meta.internal.parsers.ScalametaParser.$anonfun$source$1(ScalametaParser.scala:5239)
	at scala.meta.internal.parsers.ScalametaParser.atPos(ScalametaParser.scala:888)
	at scala.meta.internal.parsers.ScalametaParser.autoPos(ScalametaParser.scala:922)
	at scala.meta.internal.parsers.ScalametaParser.source(ScalametaParser.scala:5238)
	at scala.meta.internal.parsers.ScalametaParser.entrypointSource(ScalametaParser.scala:5244)
	at scala.meta.internal.parsers.ScalametaParser.$anonfun$parseSource$2(ScalametaParser.scala:143)
	at scala.meta.internal.parsers.ScalametaParser.parseRule(ScalametaParser.scala:53)
	at scala.meta.internal.parsers.ScalametaParser.parseSource(ScalametaParser.scala:143)
	at scala.meta.parsers.Parse$.$anonfun$parseSource$1(Parse.scala:29)
	at scala.meta.internal.parsers.ScalametaParser$$anon$264.apply(ScalametaParser.scala:5308)
	at scala.meta.parsers.Api$XtensionParseDialectInput.parse(Api.scala:25)
	at scala.meta.internal.semanticdb.scalac.ParseOps$XtensionCompilationUnitSource.toSource(ParseOps.scala:17)
	at scala.meta.internal.semanticdb.scalac.TextDocumentOps$XtensionCompilationUnitDocument.toTextDocument(TextDocumentOps.scala:201)
	at scala.meta.internal.pc.SemanticdbTextDocumentProvider.textDocument(SemanticdbTextDocumentProvider.scala:51)

Oct 26, 2021 1:06:37 AM scala.meta.internal.pc.CompilerAccess handleError
SEVERE: file%3A%2F%2F%2FUsers%2Fhectorcrean%2Fxyz%2Fscala%2Fscala3%2Fsrc%2Fmain%2Fscala%2FMain.scala:1: error: expected start of definition
@main def hello: Unit = 
      ^
file%3A%2F%2F%2FUsers%2Fhectorcrean%2Fxyz%2Fscala%2Fscala3%2Fsrc%2Fmain%2Fscala%2FMain.scala:1: error: expected start of definition
@main def hello: Unit = 
      ^
	at scala.meta.internal.parsers.Reporter.syntaxError(Reporter.scala:16)
	at scala.meta.internal.parsers.Reporter.syntaxError$(Reporter.scala:16)
	at scala.meta.internal.parsers.Reporter$$anon$1.syntaxError(Reporter.scala:22)
	at scala.meta.internal.parsers.Reporter.syntaxError(Reporter.scala:17)
	at scala.meta.internal.parsers.Reporter.syntaxError$(Reporter.scala:17)
	at scala.meta.internal.parsers.Reporter$$anon$1.syntaxError(Reporter.scala:22)
	at scala.meta.internal.parsers.ScalametaParser.tmplDef(ScalametaParser.scala:4566)
	at scala.meta.internal.parsers.ScalametaParser.topLevelTmplDef(ScalametaParser.scala:4540)
	at scala.meta.internal.parsers.ScalametaParser$$anonfun$topStat$1.applyOrElse(ScalametaParser.scala:5079)
	at scala.meta.internal.parsers.ScalametaParser$$anonfun$topStat$1.applyOrElse(ScalametaParser.scala:5067)
	at scala.runtime.AbstractPartialFunction.apply(AbstractPartialFunction.scala:38)
	at scala.meta.internal.parsers.ScalametaParser.statSeq(ScalametaParser.scala:5057)
	at scala.meta.internal.parsers.ScalametaParser.topStatSeq(ScalametaParser.scala:5066)
	at scala.meta.internal.parsers.ScalametaParser.$anonfun$batchSource$1(ScalametaParser.scala:5297)
	at scala.meta.internal.parsers.ScalametaParser.atPos(ScalametaParser.scala:888)
	at scala.meta.internal.parsers.ScalametaParser.autoPos(ScalametaParser.scala:922)
	at scala.meta.internal.parsers.ScalametaParser.batchSource(ScalametaParser.scala:5256)
	at scala.meta.internal.parsers.ScalametaParser.$anonfun$source$1(ScalametaParser.scala:5239)
	at scala.meta.internal.parsers.ScalametaParser.atPos(ScalametaParser.scala:888)
	at scala.meta.internal.parsers.ScalametaParser.autoPos(ScalametaParser.scala:922)
	at scala.meta.internal.parsers.ScalametaParser.source(ScalametaParser.scala:5238)
	at scala.meta.internal.parsers.ScalametaParser.entrypointSource(ScalametaParser.scala:5244)
	at scala.meta.internal.parsers.ScalametaParser.$anonfun$parseSource$2(ScalametaParser.scala:143)
	at scala.meta.internal.parsers.ScalametaParser.parseRule(ScalametaParser.scala:53)
	at scala.meta.internal.parsers.ScalametaParser.parseSource(ScalametaParser.scala:143)
	at scala.meta.parsers.Parse$.$anonfun$parseSource$1(Parse.scala:29)
	at scala.meta.internal.parsers.ScalametaParser$$anon$264.apply(ScalametaParser.scala:5308)
	at scala.meta.parsers.Api$XtensionParseDialectInput.parse(Api.scala:25)
	at scala.meta.internal.semanticdb.scalac.ParseOps$XtensionCompilationUnitSource.toSource(ParseOps.scala:17)
	at scala.meta.internal.semanticdb.scalac.TextDocumentOps$XtensionCompilationUnitDocument.toTextDocument(TextDocumentOps.scala:201)
	at scala.meta.internal.pc.SemanticdbTextDocumentProvider.textDocument(SemanticdbTextDocumentProvider.scala:51)

[0m2021.10.26 01:06:40 INFO  [info] loading settings for project scala3-build from metals.sbt ...[0m
[0m2021.10.26 01:06:40 INFO  [info] loading project definition from /Users/hectorcrean/xyz/scala/scala3/project[0m
[0m2021.10.26 01:06:44 INFO  [success] Generated .bloop/scala3-build.json[0m
[0m2021.10.26 01:06:44 INFO  [success] Total time: 4 s, completed 26-Oct-2021 01:06:44[0m
[0m2021.10.26 01:06:44 INFO  [info] loading settings for project root from build.sbt ...[0m
[0m2021.10.26 01:06:45 INFO  [info] set current project to scala3 (in build file:/Users/hectorcrean/xyz/scala/scala3/)[0m
[0m2021.10.26 01:06:49 INFO  [success] Generated .bloop/root.json[0m
[0m2021.10.26 01:06:49 INFO  [success] Generated .bloop/root-test.json[0m
[0m2021.10.26 01:06:49 INFO  [success] Total time: 4 s, completed 26-Oct-2021 01:06:49[0m
[0m2021.10.26 01:06:49 INFO  time: ran 'sbt bloopInstall' in 22s[0m
[0m2021.10.26 01:06:49 INFO  Attempting to connect to the build server...[0m
Starting the bsp launcher for bloop...
Opening a bsp server connection with 'bsp --protocol local --socket /var/folders/2z/99xbgp6j3l301n8h0b6v6mcc0000gn/T/bsp-launcher5211193357878896213/bsp.socket'...
Waiting for the bsp connection to come up...
Waiting for the bsp connection to come up...
Waiting for the bsp connection to come up...
No server running at 127.0.0.1:8212, let's fire one...
Resolving ch.epfl.scala:bloop-frontend_2.12:1.4.9...
Starting bloop server at 127.0.0.1:8212...
Attempting a connection to the server...
Attempting a connection to the server...
Attempting a connection to the server...
Attempting a connection to the server...
Attempting a connection to the server...
Attempting a connection to the server...
[0m[32m[D][0m Loading 2 projects from '/Users/hectorcrean/xyz/scala/scala3/.bloop'...
[0m[32m[D][0m Loading project from '/Users/hectorcrean/xyz/scala/scala3/.bloop/root.json'
[0m[32m[D][0m Loading project from '/Users/hectorcrean/xyz/scala/scala3/.bloop/root-test.json'
[0m[32m[D][0m Cache miss for scala instance org.scala-lang:scala-compiler:3.1.0.
[0m[32m[D][0m   => /Users/hectorcrean/Library/Caches/Coursier/v1/https/repo1.maven.org/maven2/com/fasterxml/jackson/core/jackson-annotations/2.2.3/jackson-annotations-2.2.3.jar
[0m[32m[D][0m   => /Users/hectorcrean/Library/Caches/Coursier/v1/https/repo1.maven.org/maven2/com/fasterxml/jackson/core/jackson-core/2.9.8/jackson-core-2.9.8.jar
[0m[32m[D][0m   => /Users/hectorcrean/Library/Caches/Coursier/v1/https/repo1.maven.org/maven2/com/fasterxml/jackson/core/jackson-databind/2.2.3/jackson-databind-2.2.3.jar
[0m[32m[D][0m   => /Users/hectorcrean/Library/Caches/Coursier/v1/https/repo1.maven.org/maven2/com/fasterxml/jackson/dataformat/jackson-dataformat-yaml/2.9.8/jackson-dataformat-yaml-2.9.8.jar
[0m[32m[D][0m   => /Users/hectorcrean/Library/Caches/Coursier/v1/https/repo1.maven.org/maven2/com/google/protobuf/protobuf-java/3.7.0/protobuf-java-3.7.0.jar
[0m[32m[D][0m   => /Users/hectorcrean/Library/Caches/Coursier/v1/https/repo1.maven.org/maven2/com/vladsch/flexmark/flexmark-ext-anchorlink/0.42.12/flexmark-ext-anchorlink-0.42.12.jar
[0m[32m[D][0m   => /Users/hectorcrean/Library/Caches/Coursier/v1/https/repo1.maven.org/maven2/com/vladsch/flexmark/flexmark-ext-autolink/0.42.12/flexmark-ext-autolink-0.42.12.jar
[0m[32m[D][0m   => /Users/hectorcrean/Library/Caches/Coursier/v1/https/repo1.maven.org/maven2/com/vladsch/flexmark/flexmark-ext-emoji/0.42.12/flexmark-ext-emoji-0.42.12.jar
[0m[32m[D][0m   => /Users/hectorcrean/Library/Caches/Coursier/v1/https/repo1.maven.org/maven2/com/vladsch/flexmark/flexmark-ext-gfm-strikethrough/0.42.12/flexmark-ext-gfm-strikethrough-0.42.12.jar
[0m[32m[D][0m   => /Users/hectorcrean/Library/Caches/Coursier/v1/https/repo1.maven.org/maven2/com/vladsch/flexmark/flexmark-ext-gfm-tables/0.42.12/flexmark-ext-gfm-tables-0.42.12.jar
[0m[32m[D][0m   => /Users/hectorcrean/Library/Caches/Coursier/v1/https/repo1.maven.org/maven2/com/vladsch/flexmark/flexmark-ext-gfm-tasklist/0.42.12/flexmark-ext-gfm-tasklist-0.42.12.jar
[0m[32m[D][0m   => /Users/hectorcrean/Library/Caches/Coursier/v1/https/repo1.maven.org/maven2/com/vladsch/flexmark/flexmark-ext-ins/0.42.12/flexmark-ext-ins-0.42.12.jar
[0m[32m[D][0m   => /Users/hectorcrean/Library/Caches/Coursier/v1/https/repo1.maven.org/maven2/com/vladsch/flexmark/flexmark-ext-superscript/0.42.12/flexmark-ext-superscript-0.42.12.jar
[0m[32m[D][0m   => /Users/hectorcrean/Library/Caches/Coursier/v1/https/repo1.maven.org/maven2/com/vladsch/flexmark/flexmark-ext-tables/0.42.12/flexmark-ext-tables-0.42.12.jar
[0m[32m[D][0m   => /Users/hectorcrean/Library/Caches/Coursier/v1/https/repo1.maven.org/maven2/com/vladsch/flexmark/flexmark-ext-wikilink/0.42.12/flexmark-ext-wikilink-0.42.12.jar
[0m[32m[D][0m   => /Users/hectorcrean/Library/Caches/Coursier/v1/https/repo1.maven.org/maven2/com/vladsch/flexmark/flexmark-ext-yaml-front-matter/0.42.12/flexmark-ext-yaml-front-matter-0.42.12.jar
[0m[32m[D][0m   => /Users/hectorcrean/Library/Caches/Coursier/v1/https/repo1.maven.org/maven2/com/vladsch/flexmark/flexmark-formatter/0.42.12/flexmark-formatter-0.42.12.jar
[0m[32m[D][0m   => /Users/hectorcrean/Library/Caches/Coursier/v1/https/repo1.maven.org/maven2/com/vladsch/flexmark/flexmark-html-parser/0.42.12/flexmark-html-parser-0.42.12.jar
[0m[32m[D][0m   => /Users/hectorcrean/Library/Caches/Coursier/v1/https/repo1.maven.org/maven2/com/vladsch/flexmark/flexmark-jira-converter/0.42.12/flexmark-jira-converter-0.42.12.jar
[0m[32m[D][0m   => /Users/hectorcrean/Library/Caches/Coursier/v1/https/repo1.maven.org/maven2/com/vladsch/flexmark/flexmark-util/0.42.12/flexmark-util-0.42.12.jar
[0m[32m[D][0m   => /Users/hectorcrean/Library/Caches/Coursier/v1/https/repo1.maven.org/maven2/com/vladsch/flexmark/flexmark/0.42.12/flexmark-0.42.12.jar
[0m[32m[D][0m   => /Users/hectorcrean/Library/Caches/Coursier/v1/https/repo1.maven.org/maven2/net/java/dev/jna/jna/5.3.1/jna-5.3.1.jar
[0m[32m[D][0m   => /Users/hectorcrean/Library/Caches/Coursier/v1/https/repo1.maven.org/maven2/nl/big-o/liqp/0.6.7/liqp-0.6.7.jar
[0m[32m[D][0m   => /Users/hectorcrean/Library/Caches/Coursier/v1/https/repo1.maven.org/maven2/org/antlr/ST4/4.0.7/ST4-4.0.7.jar
[0m[32m[D][0m   => /Users/hectorcrean/Library/Caches/Coursier/v1/https/repo1.maven.org/maven2/org/antlr/antlr-runtime/3.5.1/antlr-runtime-3.5.1.jar
[0m[32m[D][0m   => /Users/hectorcrean/Library/Caches/Coursier/v1/https/repo1.maven.org/maven2/org/antlr/antlr/3.5.1/antlr-3.5.1.jar
[0m[32m[D][0m   => /Users/hectorcrean/Library/Caches/Coursier/v1/https/repo1.maven.org/maven2/org/jline/jline-reader/3.19.0/jline-reader-3.19.0.jar
[0m[32m[D][0m   => /Users/hectorcrean/Library/Caches/Coursier/v1/https/repo1.maven.org/maven2/org/jline/jline-terminal-jna/3.19.0/jline-terminal-jna-3.19.0.jar
[0m[32m[D][0m   => /Users/hectorcrean/Library/Caches/Coursier/v1/https/repo1.maven.org/maven2/org/jline/jline-terminal/3.19.0/jline-terminal-3.19.0.jar
[0m[32m[D][0m   => /Users/hectorcrean/Library/Caches/Coursier/v1/https/repo1.maven.org/maven2/org/jsoup/jsoup/1.13.1/jsoup-1.13.1.jar
[0m[32m[D][0m   => /Users/hectorcrean/Library/Caches/Coursier/v1/https/repo1.maven.org/maven2/org/nibor/autolink/autolink/0.6.0/autolink-0.6.0.jar
[0m[32m[D][0m   => /Users/hectorcrean/Library/Caches/Coursier/v1/https/repo1.maven.org/maven2/org/scala-lang/modules/scala-asm/9.1.0-scala-1/scala-asm-9.1.0-scala-1.jar
[0m[32m[D][0m   => /Users/hectorcrean/Library/Caches/Coursier/v1/https/repo1.maven.org/maven2/org/scala-lang/scala-library/2.13.6/scala-library-2.13.6.jar
[0m[32m[D][0m   => /Users/hectorcrean/Library/Caches/Coursier/v1/https/repo1.maven.org/maven2/org/scala-lang/scala3-compiler_3/3.1.0/scala3-compiler_3-3.1.0.jar
[0m[32m[D][0m   => /Users/hectorcrean/Library/Caches/Coursier/v1/https/repo1.maven.org/maven2/org/scala-lang/scala3-interfaces/3.1.0/scala3-interfaces-3.1.0.jar
[0m[32m[D][0m   => /Users/hectorcrean/Library/Caches/Coursier/v1/https/repo1.maven.org/maven2/org/scala-lang/scala3-library_3/3.1.0/scala3-library_3-3.1.0.jar
[0m[32m[D][0m   => /Users/hectorcrean/Library/Caches/Coursier/v1/https/repo1.maven.org/maven2/org/scala-lang/scala3-tasty-inspector_3/3.1.0/scala3-tasty-inspector_3-3.1.0.jar
[0m[32m[D][0m   => /Users/hectorcrean/Library/Caches/Coursier/v1/https/repo1.maven.org/maven2/org/scala-lang/scaladoc_3/3.1.0/scaladoc_3-3.1.0.jar
[0m[32m[D][0m   => /Users/hectorcrean/Library/Caches/Coursier/v1/https/repo1.maven.org/maven2/org/scala-lang/tasty-core_3/3.1.0/tasty-core_3-3.1.0.jar
[0m[32m[D][0m   => /Users/hectorcrean/Library/Caches/Coursier/v1/https/repo1.maven.org/maven2/org/scala-sbt/compiler-interface/1.3.5/compiler-interface-1.3.5.jar
[0m[32m[D][0m   => /Users/hectorcrean/Library/Caches/Coursier/v1/https/repo1.maven.org/maven2/org/scala-sbt/util-interface/1.3.0/util-interface-1.3.0.jar
[0m[32m[D][0m   => /Users/hectorcrean/Library/Caches/Coursier/v1/https/repo1.maven.org/maven2/org/yaml/snakeyaml/1.23/snakeyaml-1.23.jar
[0m[32m[D][0m Missing analysis file for project 'root-test'
[0m[32m[D][0m Missing analysis file for project 'root'
[0m[32m[D][0m Waiting for a connection at local:///var/folders/2z/99xbgp6j3l301n8h0b6v6mcc0000gn/T/bsp-launcher5211193357878896213/bsp.socket...
The server is listening for incoming connections at local:///var/folders/2z/99xbgp6j3l301n8h0b6v6mcc0000gn/T/bsp-launcher5211193357878896213/bsp.socket...
Starting thread that pumps stdin and redirects it to the bsp server...
Starting thread that pumps server stdout and redirects it to the client stdout...
[0m2021.10.26 01:06:52 INFO  tracing is disabled for protocol BSP, to enable tracing of incoming and outgoing JSON messages create an empty file at /Users/hectorcrean/Library/Caches/org.scalameta.metals/bsp.trace.json[0m
[0m2021.10.26 01:06:52 INFO  Attempting to connect to the build server...[0m
Starting the bsp launcher for bloop...
Opening a bsp server connection with 'bsp --protocol local --socket /var/folders/2z/99xbgp6j3l301n8h0b6v6mcc0000gn/T/bsp-launcher8567131526796299708/bsp.socket'...
Waiting for the bsp connection to come up...
[0m[32m[D][0m Loading workspace settings from bloop.settings.json
[0m[32m[D][0m Waiting for a connection at local:///var/folders/2z/99xbgp6j3l301n8h0b6v6mcc0000gn/T/bsp-launcher8567131526796299708/bsp.socket...
The server is listening for incoming connections at local:///var/folders/2z/99xbgp6j3l301n8h0b6v6mcc0000gn/T/bsp-launcher8567131526796299708/bsp.socket...
Starting thread that pumps stdin and redirects it to the bsp server...
Starting thread that pumps server stdout and redirects it to the client stdout...
[0m2021.10.26 01:06:52 INFO  tracing is disabled for protocol BSP, to enable tracing of incoming and outgoing JSON messages create an empty file at /Users/hectorcrean/Library/Caches/org.scalameta.metals/bsp.trace.json[0m
[0m2021.10.26 01:06:56 INFO  time: Connected to build server in 6.91s[0m
[0m2021.10.26 01:06:56 INFO  Connected to Build server: Bloop v1.4.9[0m
[0m2021.10.26 01:06:59 INFO  time: indexed workspace in 2.92s[0m
[0m2021.10.26 01:06:59 WARN  unsupported Scala 3.1.0[0m
[0m2021.10.26 01:06:59 INFO  compiling root (1 scala source)[0m
[0m2021.10.26 01:06:59 INFO  no build target: using presentation compiler with only scala-library: 3.0.2[0m
[0m2021.10.26 01:07:01 INFO  compiling root-test (1 scala source)[0m
[0m2021.10.26 01:07:05 INFO  time: compiled root in 5.6s[0m
[0m2021.10.26 01:07:05 INFO  time: compiled root-test in 3.11s[0m
[0m2021.10.26 01:07:09 WARN  unsupported Scala 3.1.0[0m
[0m2021.10.26 01:07:32 WARN  unsupported Scala 3.1.0[0m
[0m2021.10.26 01:07:36 INFO  time: code lens generation in 3.15s[0m
Exception in thread "pool-1-thread-14" java.lang.Error: java.lang.InterruptedException
	at java.util.concurrent.ThreadPoolExecutor.runWorker(ThreadPoolExecutor.java:1155)
	at java.util.concurrent.ThreadPoolExecutor$Worker.run(ThreadPoolExecutor.java:624)
	at java.lang.Thread.run(Thread.java:748)
Caused by: java.lang.InterruptedException
	at scala.meta.internal.metals.FutureCancelToken.checkCanceled(FutureCancelToken.scala:29)
	at scala.meta.internal.mtags.MtagsEnrichments$XtensionCancelChecker.isCancelled(MtagsEnrichments.scala:69)
	at scala.meta.internal.metals.FormattingProvider.$anonfun$isCancelled$1(FormattingProvider.scala:73)
	at scala.meta.internal.metals.FormattingProvider.$anonfun$isCancelled$1$adapted(FormattingProvider.scala:73)
	at scala.Option.exists(Option.scala:376)
	at scala.meta.internal.metals.FormattingProvider.isCancelled(FormattingProvider.scala:73)
	at scala.meta.internal.metals.FormattingProvider.$anonfun$handleMissingFile$1(FormattingProvider.scala:211)
	at scala.meta.internal.metals.FormattingProvider.$anonfun$handleMissingFile$1$adapted(FormattingProvider.scala:206)
	at scala.util.Success.$anonfun$map$1(Try.scala:255)
	at scala.util.Success.map(Try.scala:213)
	at scala.concurrent.Future.$anonfun$map$1(Future.scala:292)
	at scala.concurrent.impl.Promise.liftedTree1$1(Promise.scala:33)
	at scala.concurrent.impl.Promise.$anonfun$transform$1(Promise.scala:33)
	at scala.concurrent.impl.CallbackRunnable.run(Promise.scala:64)
	at java.util.concurrent.ThreadPoolExecutor.runWorker(ThreadPoolExecutor.java:1149)
	... 2 more
[0m2021.10.26 01:08:17 INFO  running '/Library/Java/JavaVirtualMachines/adoptopenjdk-8.jdk/Contents/Home/bin/java -Djline.terminal=jline.UnsupportedTerminal -Dsbt.log.noformat=true -Dfile.encoding=UTF-8 -jar /var/folders/2z/99xbgp6j3l301n8h0b6v6mcc0000gn/T/metals8907326164818966061/sbt-launch.jar -Dbloop.export-jar-classifiers=sources bloopInstall'[0m
[0m2021.10.26 01:08:18 INFO  [info] welcome to sbt 1.5.5 (AdoptOpenJDK Java 1.8.0_265)[0m
[0m2021.10.26 01:08:18 INFO  [info] loading settings for project scala3-build-build from metals.sbt ...[0m
[0m2021.10.26 01:08:20 INFO  [info] loading project definition from /Users/hectorcrean/xyz/scala/scala3/project/project[0m
[0m2021.10.26 01:08:20 INFO  [info] loading settings for project scala3-build from metals.sbt ...[0m
[0m2021.10.26 01:08:20 INFO  [info] loading project definition from /Users/hectorcrean/xyz/scala/scala3/project[0m
[0m2021.10.26 01:08:23 INFO  [success] Generated .bloop/scala3-build.json[0m
[0m2021.10.26 01:08:23 INFO  [success] Total time: 2 s, completed 26-Oct-2021 01:08:23[0m
[0m2021.10.26 01:08:25 INFO  [info] loading settings for project root from build.sbt ...[0m
[0m2021.10.26 01:08:25 INFO  [info] set current project to scala3 (in build file:/Users/hectorcrean/xyz/scala/scala3/)[0m
[0m2021.10.26 01:08:25 INFO  [success] Generated .bloop/root.json[0m
[0m2021.10.26 01:08:25 INFO  [success] Generated .bloop/root-test.json[0m
[0m2021.10.26 01:08:25 INFO  [success] Total time: 0 s, completed 26-Oct-2021 01:08:25[0m
[0m2021.10.26 01:08:25 INFO  time: ran 'sbt bloopInstall' in 8.16s[0m
[0m2021.10.26 01:08:25 INFO  Disconnecting from Bloop session...[0m
[0m2021.10.26 01:08:25 INFO  Shut down connection with build server.[0m
[0m2021.10.26 01:08:25 INFO  Shut down connection with build server.[0m
No more data in the client stdin, exiting...
No more data in the client stdin, exiting...
[0m2021.10.26 01:08:25 INFO  Attempting to connect to the build server...[0m
Starting the bsp launcher for bloop...
Opening a bsp server connection with 'bsp --protocol local --socket /var/folders/2z/99xbgp6j3l301n8h0b6v6mcc0000gn/T/bsp-launcher4613820588347212031/bsp.socket'...
Waiting for the bsp connection to come up...
No more data in the server stdin, exiting...
No more data in the server stdin, exiting...
No more data in the server stdin, exiting...
No more data in the server stdin, exiting...
[0m[32m[D][0m Loading workspace settings from bloop.settings.json
[0m[32m[D][0m Loading 2 projects from '/Users/hectorcrean/xyz/scala/scala3/.bloop'...
[0m[32m[D][0m Loading project from '/Users/hectorcrean/xyz/scala/scala3/.bloop/root.json'
[0m[32m[D][0m Loading project from '/Users/hectorcrean/xyz/scala/scala3/.bloop/root-test.json'
[0m[32m[D][0m Cache miss for scala instance org.scala-lang:scala-compiler:3.0.0.
[0m[32m[D][0m   => /Users/hectorcrean/Library/Caches/Coursier/v1/https/repo1.maven.org/maven2/com/fasterxml/jackson/core/jackson-annotations/2.2.3/jackson-annotations-2.2.3.jar
[0m[32m[D][0m   => /Users/hectorcrean/Library/Caches/Coursier/v1/https/repo1.maven.org/maven2/com/fasterxml/jackson/core/jackson-core/2.9.8/jackson-core-2.9.8.jar
[0m[32m[D][0m   => /Users/hectorcrean/Library/Caches/Coursier/v1/https/repo1.maven.org/maven2/com/fasterxml/jackson/core/jackson-databind/2.2.3/jackson-databind-2.2.3.jar
[0m[32m[D][0m   => /Users/hectorcrean/Library/Caches/Coursier/v1/https/repo1.maven.org/maven2/com/fasterxml/jackson/dataformat/jackson-dataformat-yaml/2.9.8/jackson-dataformat-yaml-2.9.8.jar
[0m[32m[D][0m   => /Users/hectorcrean/Library/Caches/Coursier/v1/https/repo1.maven.org/maven2/com/google/protobuf/protobuf-java/3.7.0/protobuf-java-3.7.0.jar
[0m[32m[D][0m   => /Users/hectorcrean/Library/Caches/Coursier/v1/https/repo1.maven.org/maven2/com/vladsch/flexmark/flexmark-ext-anchorlink/0.42.12/flexmark-ext-anchorlink-0.42.12.jar
[0m[32m[D][0m   => /Users/hectorcrean/Library/Caches/Coursier/v1/https/repo1.maven.org/maven2/com/vladsch/flexmark/flexmark-ext-autolink/0.42.12/flexmark-ext-autolink-0.42.12.jar
[0m[32m[D][0m   => /Users/hectorcrean/Library/Caches/Coursier/v1/https/repo1.maven.org/maven2/com/vladsch/flexmark/flexmark-ext-emoji/0.42.12/flexmark-ext-emoji-0.42.12.jar
[0m[32m[D][0m   => /Users/hectorcrean/Library/Caches/Coursier/v1/https/repo1.maven.org/maven2/com/vladsch/flexmark/flexmark-ext-gfm-strikethrough/0.42.12/flexmark-ext-gfm-strikethrough-0.42.12.jar
[0m[32m[D][0m   => /Users/hectorcrean/Library/Caches/Coursier/v1/https/repo1.maven.org/maven2/com/vladsch/flexmark/flexmark-ext-gfm-tables/0.42.12/flexmark-ext-gfm-tables-0.42.12.jar
[0m[32m[D][0m   => /Users/hectorcrean/Library/Caches/Coursier/v1/https/repo1.maven.org/maven2/com/vladsch/flexmark/flexmark-ext-gfm-tasklist/0.42.12/flexmark-ext-gfm-tasklist-0.42.12.jar
[0m[32m[D][0m   => /Users/hectorcrean/Library/Caches/Coursier/v1/https/repo1.maven.org/maven2/com/vladsch/flexmark/flexmark-ext-ins/0.42.12/flexmark-ext-ins-0.42.12.jar
[0m[32m[D][0m   => /Users/hectorcrean/Library/Caches/Coursier/v1/https/repo1.maven.org/maven2/com/vladsch/flexmark/flexmark-ext-superscript/0.42.12/flexmark-ext-superscript-0.42.12.jar
[0m[32m[D][0m   => /Users/hectorcrean/Library/Caches/Coursier/v1/https/repo1.maven.org/maven2/com/vladsch/flexmark/flexmark-ext-tables/0.42.12/flexmark-ext-tables-0.42.12.jar
[0m[32m[D][0m   => /Users/hectorcrean/Library/Caches/Coursier/v1/https/repo1.maven.org/maven2/com/vladsch/flexmark/flexmark-ext-wikilink/0.42.12/flexmark-ext-wikilink-0.42.12.jar
[0m[32m[D][0m   => /Users/hectorcrean/Library/Caches/Coursier/v1/https/repo1.maven.org/maven2/com/vladsch/flexmark/flexmark-ext-yaml-front-matter/0.42.12/flexmark-ext-yaml-front-matter-0.42.12.jar
[0m[32m[D][0m   => /Users/hectorcrean/Library/Caches/Coursier/v1/https/repo1.maven.org/maven2/com/vladsch/flexmark/flexmark-formatter/0.42.12/flexmark-formatter-0.42.12.jar
[0m[32m[D][0m   => /Users/hectorcrean/Library/Caches/Coursier/v1/https/repo1.maven.org/maven2/com/vladsch/flexmark/flexmark-html-parser/0.42.12/flexmark-html-parser-0.42.12.jar
[0m[32m[D][0m   => /Users/hectorcrean/Library/Caches/Coursier/v1/https/repo1.maven.org/maven2/com/vladsch/flexmark/flexmark-jira-converter/0.42.12/flexmark-jira-converter-0.42.12.jar
[0m[32m[D][0m   => /Users/hectorcrean/Library/Caches/Coursier/v1/https/repo1.maven.org/maven2/com/vladsch/flexmark/flexmark-util/0.42.12/flexmark-util-0.42.12.jar
[0m[32m[D][0m   => /Users/hectorcrean/Library/Caches/Coursier/v1/https/repo1.maven.org/maven2/com/vladsch/flexmark/flexmark/0.42.12/flexmark-0.42.12.jar
[0m[32m[D][0m   => /Users/hectorcrean/Library/Caches/Coursier/v1/https/repo1.maven.org/maven2/net/java/dev/jna/jna/5.3.1/jna-5.3.1.jar
[0m[32m[D][0m   => /Users/hectorcrean/Library/Caches/Coursier/v1/https/repo1.maven.org/maven2/nl/big-o/liqp/0.6.7/liqp-0.6.7.jar
[0m[32m[D][0m   => /Users/hectorcrean/Library/Caches/Coursier/v1/https/repo1.maven.org/maven2/org/antlr/ST4/4.0.7/ST4-4.0.7.jar
[0m[32m[D][0m   => /Users/hectorcrean/Library/Caches/Coursier/v1/https/repo1.maven.org/maven2/org/antlr/antlr-runtime/3.5.1/antlr-runtime-3.5.1.jar
[0m[32m[D][0m   => /Users/hectorcrean/Library/Caches/Coursier/v1/https/repo1.maven.org/maven2/org/antlr/antlr/3.5.1/antlr-3.5.1.jar
[0m[32m[D][0m   => /Users/hectorcrean/Library/Caches/Coursier/v1/https/repo1.maven.org/maven2/org/jline/jline-reader/3.19.0/jline-reader-3.19.0.jar
[0m[32m[D][0m   => /Users/hectorcrean/Library/Caches/Coursier/v1/https/repo1.maven.org/maven2/org/jline/jline-terminal-jna/3.19.0/jline-terminal-jna-3.19.0.jar
[0m[32m[D][0m   => /Users/hectorcrean/Library/Caches/Coursier/v1/https/repo1.maven.org/maven2/org/jline/jline-terminal/3.19.0/jline-terminal-3.19.0.jar
[0m[32m[D][0m   => /Users/hectorcrean/Library/Caches/Coursier/v1/https/repo1.maven.org/maven2/org/jsoup/jsoup/1.13.1/jsoup-1.13.1.jar
[0m[32m[D][0m   => /Users/hectorcrean/Library/Caches/Coursier/v1/https/repo1.maven.org/maven2/org/nibor/autolink/autolink/0.6.0/autolink-0.6.0.jar
[0m[32m[D][0m   => /Users/hectorcrean/Library/Caches/Coursier/v1/https/repo1.maven.org/maven2/org/scala-lang/modules/scala-asm/9.1.0-scala-1/scala-asm-9.1.0-scala-1.jar
[0m[32m[D][0m   => /Users/hectorcrean/Library/Caches/Coursier/v1/https/repo1.maven.org/maven2/org/scala-lang/scala-library/2.13.5/scala-library-2.13.5.jar
[0m[32m[D][0m   => /Users/hectorcrean/Library/Caches/Coursier/v1/https/repo1.maven.org/maven2/org/scala-lang/scala3-compiler_3/3.0.0/scala3-compiler_3-3.0.0.jar
[0m[32m[D][0m   => /Users/hectorcrean/Library/Caches/Coursier/v1/https/repo1.maven.org/maven2/org/scala-lang/scala3-interfaces/3.0.0/scala3-interfaces-3.0.0.jar
[0m[32m[D][0m   => /Users/hectorcrean/Library/Caches/Coursier/v1/https/repo1.maven.org/maven2/org/scala-lang/scala3-library_3/3.0.0/scala3-library_3-3.0.0.jar
[0m[32m[D][0m   => /Users/hectorcrean/Library/Caches/Coursier/v1/https/repo1.maven.org/maven2/org/scala-lang/scala3-tasty-inspector_3/3.0.0/scala3-tasty-inspector_3-3.0.0.jar
[0m[32m[D][0m   => /Users/hectorcrean/Library/Caches/Coursier/v1/https/repo1.maven.org/maven2/org/scala-lang/scaladoc_3/3.0.0/scaladoc_3-3.0.0.jar
[0m[32m[D][0m   => /Users/hectorcrean/Library/Caches/Coursier/v1/https/repo1.maven.org/maven2/org/scala-lang/tasty-core_3/3.0.0/tasty-core_3-3.0.0.jar
[0m[32m[D][0m   => /Users/hectorcrean/Library/Caches/Coursier/v1/https/repo1.maven.org/maven2/org/scala-sbt/compiler-interface/1.3.5/compiler-interface-1.3.5.jar
[0m[32m[D][0m   => /Users/hectorcrean/Library/Caches/Coursier/v1/https/repo1.maven.org/maven2/org/scala-sbt/util-interface/1.3.0/util-interface-1.3.0.jar
[0m[32m[D][0m   => /Users/hectorcrean/Library/Caches/Coursier/v1/https/repo1.maven.org/maven2/org/yaml/snakeyaml/1.23/snakeyaml-1.23.jar
[0m[32m[D][0m Waiting for a connection at local:///var/folders/2z/99xbgp6j3l301n8h0b6v6mcc0000gn/T/bsp-launcher4613820588347212031/bsp.socket...
The server is listening for incoming connections at local:///var/folders/2z/99xbgp6j3l301n8h0b6v6mcc0000gn/T/bsp-launcher4613820588347212031/bsp.socket...
Starting thread that pumps stdin and redirects it to the bsp server...
Starting thread that pumps server stdout and redirects it to the client stdout...
[0m2021.10.26 01:08:25 INFO  tracing is disabled for protocol BSP, to enable tracing of incoming and outgoing JSON messages create an empty file at /Users/hectorcrean/Library/Caches/org.scalameta.metals/bsp.trace.json[0m
[0m2021.10.26 01:08:25 INFO  Attempting to connect to the build server...[0m
Starting the bsp launcher for bloop...
Opening a bsp server connection with 'bsp --protocol local --socket /var/folders/2z/99xbgp6j3l301n8h0b6v6mcc0000gn/T/bsp-launcher3612355910361575526/bsp.socket'...
Waiting for the bsp connection to come up...
[0m[32m[D][0m Loading workspace settings from bloop.settings.json
[0m[32m[D][0m Waiting for a connection at local:///var/folders/2z/99xbgp6j3l301n8h0b6v6mcc0000gn/T/bsp-launcher3612355910361575526/bsp.socket...
The server is listening for incoming connections at local:///var/folders/2z/99xbgp6j3l301n8h0b6v6mcc0000gn/T/bsp-launcher3612355910361575526/bsp.socket...
Starting thread that pumps stdin and redirects it to the bsp server...
Starting thread that pumps server stdout and redirects it to the client stdout...
[0m2021.10.26 01:08:25 INFO  tracing is disabled for protocol BSP, to enable tracing of incoming and outgoing JSON messages create an empty file at /Users/hectorcrean/Library/Caches/org.scalameta.metals/bsp.trace.json[0m
[0m2021.10.26 01:08:25 INFO  time: Connected to build server in 52ms[0m
[0m2021.10.26 01:08:25 INFO  Connected to Build server: Bloop v1.4.9[0m
[0m2021.10.26 01:08:26 INFO  time: indexed workspace in 0.73s[0m
[0m2021.10.26 01:08:27 INFO  no build target: using presentation compiler with only scala-library: 3.0.0[0m
[0m2021.10.26 01:08:37 INFO  compiling root (1 scala source)[0m
[0m2021.10.26 01:08:39 INFO  time: compiled root in 2.17s[0m
[0m2021.10.26 01:11:44 INFO  compiling root (1 scala source)[0m
[0m2021.10.26 01:11:44 INFO  time: compiled root in 0.83s[0m
[0m2021.10.26 01:11:48 INFO  compiling root (1 scala source)[0m
[0m2021.10.26 01:11:48 INFO  time: compiled root in 0.17s[0m
Oct 26, 2021 1:17:12 AM org.eclipse.lsp4j.jsonrpc.RemoteEndpoint handleCancellation
WARNING: Unmatched cancel notification for request id 205
